DEBUG:root:[94, 11986, 0, 1.1, 4, 0.42, 0.62, 0, 0, 14, 0, 1.34, 2.6, 0, 0, 1.1, 0.5, 1, 0, 0, 0, 0, 8.9, 41.1, 10, 2, 2.3, 2.8, 0.38, 0.32, 1]
DEBUG:root:[[9.4000e+01 9.4000e+01]
 [1.1986e+04 1.1986e+04]
 [0.0000e+00 0.0000e+00]
 [1.1000e+00 1.1000e+00]
 [4.0000e+00 4.0000e+00]
 [4.2500e-01 4.2500e-01]
 [6.2000e-01 6.2000e-01]
 [0.0000e+00 0.0000e+00]
 [0.0000e+00 0.0000e+00]
 [1.4000e+01 1.4000e+01]
 [0.0000e+00 0.0000e+00]
 [1.3400e+00 1.3400e+00]
 [2.6000e+00 2.6000e+00]
 [3.2800e+01 3.2800e+01]
 [0.0000e+00 0.0000e+00]
 [1.1000e+00 1.1000e+00]
 [5.0000e-01 5.0000e-01]
 [1.0000e+00 1.0000e+00]
 [0.0000e+00 0.0000e+00]
 [0.0000e+00 0.0000e+00]
 [0.0000e+00 0.0000e+00]
 [0.0000e+00 0.0000e+00]
 [8.9000e+00 8.9000e+00]
 [4.1100e+01 4.1100e+01]
 [1.0000e+01 1.0000e+01]
 [2.0000e+00 2.0000e+00]
 [2.3000e+00 2.3000e+00]
 [2.8000e+00 2.8000e+00]
 [3.8000e-01 3.8000e-01]
 [3.2000e-01 3.2000e-01]
 [1.0000e+00 1.0000e+00]]
DEBUG:root:[94, 11986, 0, 1.1, 4, 0.42, 0.62, 0, 0, 14, 0, 1.34, 2.6, 0, 0, 1.1, 0.5, 1, 0, 0, 0, 0, 8.9, 41.1, 10, 2, 2.3, 2.8, 0.38, 0.32, 1]
DEBUG:root:[94.0, 11986.0, 0, 1.1, 4.0, 0.425, 0.62, 0, 0, 14.0, 0, 1.34, 2.6, 0, 0, 1.1, 0.5, 1.0, 0, 0, 0, 0, 8.9, 41.1, 10.0, 2.0, 2.3, 2.8, 0.38, 0.32, 1.0]
DEBUG:root:(1.0, 1.0)
DEBUG:root:1.0
DEBUG:root:0
DEBUG:root:1.0
INFO:root:槽尖圆角 : 1.0
DEBUG:root:(10.0, 10.0)
DEBUG:root:10.0
DEBUG:root:0
DEBUG:root:10.0
INFO:root:定子内径 : 10.0
DEBUG:root:(2.0, 2.0)
DEBUG:root:2.0
DEBUG:root:0
DEBUG:root:2.0
INFO:root:极对数 : 2.0
DEBUG:root:(2.3, 2.3)
DEBUG:root:2.3
DEBUG:root:0
DEBUG:root:2.3
INFO:root:齿顶厚度中 : 2.3
DEBUG:root:(2.8, 2.8)
DEBUG:root:2.8
DEBUG:root:0
DEBUG:root:2.8
INFO:root:齿顶厚度大 : 2.8
DEBUG:root:(0.38, 0.38)
DEBUG:root:0.38
DEBUG:root:0
DEBUG:root:0.38
INFO:root:外径下沉大 : 0.38
DEBUG:root:(0.32, 0.32)
DEBUG:root:0.32
DEBUG:root:0
DEBUG:root:0.32
INFO:root:外径下沉中 : 0.32
DEBUG:root:(1.0, 1.0)
DEBUG:root:1.0
DEBUG:root:0
DEBUG:root:1.0
INFO:root:槽顶圆角 : 1.0
DEBUG:root:(94.0, 94.0)
DEBUG:root:94.0
DEBUG:root:0
DEBUG:root:94.0
INFO:root:匝数 : 94
DEBUG:root:(11986.0, 11986.0)
DEBUG:root:11986.0
DEBUG:root:0
DEBUG:root:11986.0
INFO:root:转速 : 11986.0
DEBUG:root:(1.1, 1.1)
DEBUG:root:1.1
DEBUG:root:0
DEBUG:root:1.1
INFO:root:铁壳厚 : 1.1
DEBUG:root:(0.425, 0.425)
DEBUG:root:0.425
DEBUG:root:0
DEBUG:root:0.425
INFO:root:气隙 : 0.42
DEBUG:root:(0.62, 0.62)
DEBUG:root:0.62
DEBUG:root:0
DEBUG:root:0.62
INFO:root:槽满率 : 0.62
DEBUG:root:(14.0, 14.0)
DEBUG:root:14.0
DEBUG:root:0
DEBUG:root:14.0
INFO:root:超前角 : 14.0
DEBUG:root:(1.34, 1.34)
DEBUG:root:1.34
DEBUG:root:0
DEBUG:root:1.34
INFO:root:峰值电流 : 1.3
DEBUG:root:(2.6, 2.6)
DEBUG:root:2.6
DEBUG:root:0
DEBUG:root:2.6
INFO:root:磁铁厚度 : 2.6
DEBUG:root:(41.1, 41.1)
DEBUG:root:41.1
DEBUG:root:0
DEBUG:root:41.1
INFO:root:定子外径 : 32.9
DEBUG:root:(1.1, 1.1)
DEBUG:root:1.1
DEBUG:root:0
DEBUG:root:1.1
INFO:root:槽顶深 : 1.1
DEBUG:root:(4.0, 4.0)
DEBUG:root:4.0
DEBUG:root:0
DEBUG:root:4.0
INFO:root:齿宽 : 4.0
DEBUG:root:(8.9, 8.9)
DEBUG:root:8.9
DEBUG:root:0
DEBUG:root:8.9
INFO:root:槽深 : 8.9
DEBUG:root:(0.5, 0.5)
DEBUG:root:0.5
DEBUG:root:0
DEBUG:root:0.5
INFO:root:槽底圆角 : 0.5
DEBUG:root:divid: 592
INFO:root:绕组端部长 : 4.6
DEBUG:root:squaresumefi: 26.17412071679857
INFO:root:裸线径 : 0.375
INFO:root:线径 : 0.415
INFO:root:槽顶角度 : 34.0
DEBUG:root:[94.0, 11986.0, 0, 1.1, 4.0, 0.42, 0.62, 0, 0, 14.0, 0, 1.3, 2.6, 0, 0, 1.1, 0.5, 1.0, 0, 0, 0, 0, 8.9, 41.1, 10.0, 2.0, 2.3, 2.8, 0.38, 0.32, 1.0]
INFO:root:输入参数列表：
[[9.4000e+01 9.4000e+01 9.4000e+01]
 [1.1986e+04 1.1986e+04 1.1986e+04]
 [0.0000e+00 0.0000e+00 0.0000e+00]
 [1.1000e+00 1.1000e+00 1.1000e+00]
 [4.0000e+00 4.0000e+00 4.0000e+00]
 [4.2000e-01 4.2000e-01 4.2000e-01]
 [6.2000e-01 6.2000e-01 6.2000e-01]
 [0.0000e+00 0.0000e+00 0.0000e+00]
 [0.0000e+00 0.0000e+00 0.0000e+00]
 [1.4000e+01 1.4000e+01 1.4000e+01]
 [0.0000e+00 0.0000e+00 0.0000e+00]
 [1.3000e+00 1.3000e+00 1.3000e+00]
 [2.6000e+00 2.6000e+00 2.6000e+00]
 [0.0000e+00 0.0000e+00 0.0000e+00]
 [0.0000e+00 0.0000e+00 0.0000e+00]
 [1.1000e+00 1.1000e+00 1.1000e+00]
 [5.0000e-01 5.0000e-01 5.0000e-01]
 [1.0000e+00 1.0000e+00 1.0000e+00]
 [0.0000e+00 0.0000e+00 0.0000e+00]
 [0.0000e+00 0.0000e+00 0.0000e+00]
 [0.0000e+00 0.0000e+00 0.0000e+00]
 [0.0000e+00 0.0000e+00 0.0000e+00]
 [8.9000e+00 8.9000e+00 8.9000e+00]
 [4.1100e+01 4.1100e+01 4.1100e+01]
 [1.0000e+01 1.0000e+01 1.0000e+01]
 [2.0000e+00 2.0000e+00 2.0000e+00]
 [2.3000e+00 2.3000e+00 2.3000e+00]
 [2.8000e+00 2.8000e+00 2.8000e+00]
 [3.8000e-01 3.8000e-01 3.8000e-01]
 [3.2000e-01 3.2000e-01 3.2000e-01]
 [1.0000e+00 1.0000e+00 1.0000e+00]]
